<?xml version="1.0" encoding="UTF-8"?>
<robot generator="Robot 6.0.1 (Python 3.10.7 on win32)" generated="20230217 10:40:01.810" rpa="false" schemaversion="3">
<suite id="s1" name="ForLoop" source="C:\Users\dell\Desktop\Revision_Robotframework\TestCases\ForLoop.robot">
<test id="s1-t1" name="boucle for1" line="11">
<for flavor="IN">
<var>${element}</var>
<value>@{ma_liste1}</value>
<iter>
<var name="${element}">1</var>
<kw name="Log To Console" library="BuiltIn">
<arg>${element}</arg>
<doc>Logs the given message to the console.</doc>
<status status="PASS" starttime="20230217 10:40:01.850" endtime="20230217 10:40:01.850"/>
</kw>
<status status="PASS" starttime="20230217 10:40:01.850" endtime="20230217 10:40:01.850"/>
</iter>
<iter>
<var name="${element}">2</var>
<kw name="Log To Console" library="BuiltIn">
<arg>${element}</arg>
<doc>Logs the given message to the console.</doc>
<status status="PASS" starttime="20230217 10:40:01.850" endtime="20230217 10:40:01.850"/>
</kw>
<status status="PASS" starttime="20230217 10:40:01.850" endtime="20230217 10:40:01.850"/>
</iter>
<iter>
<var name="${element}">3</var>
<kw name="Log To Console" library="BuiltIn">
<arg>${element}</arg>
<doc>Logs the given message to the console.</doc>
<status status="PASS" starttime="20230217 10:40:01.850" endtime="20230217 10:40:01.850"/>
</kw>
<status status="PASS" starttime="20230217 10:40:01.850" endtime="20230217 10:40:01.850"/>
</iter>
<iter>
<var name="${element}">4</var>
<kw name="Log To Console" library="BuiltIn">
<arg>${element}</arg>
<doc>Logs the given message to the console.</doc>
<status status="PASS" starttime="20230217 10:40:01.850" endtime="20230217 10:40:01.850"/>
</kw>
<status status="PASS" starttime="20230217 10:40:01.850" endtime="20230217 10:40:01.850"/>
</iter>
<status status="PASS" starttime="20230217 10:40:01.850" endtime="20230217 10:40:01.850"/>
</for>
<status status="PASS" starttime="20230217 10:40:01.850" endtime="20230217 10:40:01.858"/>
</test>
<test id="s1-t2" name="boucle for2" line="16">
<for flavor="IN">
<var>${element}</var>
<value>@{ma_liste2}</value>
<iter>
<var name="${element}">samedi</var>
<kw name="Log To Console" library="BuiltIn">
<arg>${element}</arg>
<doc>Logs the given message to the console.</doc>
<status status="PASS" starttime="20230217 10:40:01.860" endtime="20230217 10:40:01.860"/>
</kw>
<status status="PASS" starttime="20230217 10:40:01.860" endtime="20230217 10:40:01.860"/>
</iter>
<iter>
<var name="${element}">dimmanche</var>
<kw name="Log To Console" library="BuiltIn">
<arg>${element}</arg>
<doc>Logs the given message to the console.</doc>
<status status="PASS" starttime="20230217 10:40:01.860" endtime="20230217 10:40:01.860"/>
</kw>
<status status="PASS" starttime="20230217 10:40:01.860" endtime="20230217 10:40:01.860"/>
</iter>
<iter>
<var name="${element}">lundi</var>
<kw name="Log To Console" library="BuiltIn">
<arg>${element}</arg>
<doc>Logs the given message to the console.</doc>
<status status="PASS" starttime="20230217 10:40:01.860" endtime="20230217 10:40:01.860"/>
</kw>
<status status="PASS" starttime="20230217 10:40:01.860" endtime="20230217 10:40:01.860"/>
</iter>
<iter>
<var name="${element}">mardi</var>
<kw name="Log To Console" library="BuiltIn">
<arg>${element}</arg>
<doc>Logs the given message to the console.</doc>
<status status="PASS" starttime="20230217 10:40:01.860" endtime="20230217 10:40:01.860"/>
</kw>
<status status="PASS" starttime="20230217 10:40:01.860" endtime="20230217 10:40:01.860"/>
</iter>
<status status="PASS" starttime="20230217 10:40:01.860" endtime="20230217 10:40:01.860"/>
</for>
<status status="PASS" starttime="20230217 10:40:01.860" endtime="20230217 10:40:01.860"/>
</test>
<test id="s1-t3" name="boucle for3" line="21">
<for flavor="IN RANGE">
<var>${counter}</var>
<value>2</value>
<value>21</value>
<value>5</value>
<iter>
<var name="${counter}">2</var>
<kw name="Log To Console" library="BuiltIn">
<arg>${counter}</arg>
<doc>Logs the given message to the console.</doc>
<status status="PASS" starttime="20230217 10:40:01.860" endtime="20230217 10:40:01.860"/>
</kw>
<status status="PASS" starttime="20230217 10:40:01.860" endtime="20230217 10:40:01.860"/>
</iter>
<iter>
<var name="${counter}">7</var>
<kw name="Log To Console" library="BuiltIn">
<arg>${counter}</arg>
<doc>Logs the given message to the console.</doc>
<status status="PASS" starttime="20230217 10:40:01.860" endtime="20230217 10:40:01.860"/>
</kw>
<status status="PASS" starttime="20230217 10:40:01.860" endtime="20230217 10:40:01.860"/>
</iter>
<iter>
<var name="${counter}">12</var>
<kw name="Log To Console" library="BuiltIn">
<arg>${counter}</arg>
<doc>Logs the given message to the console.</doc>
<status status="PASS" starttime="20230217 10:40:01.860" endtime="20230217 10:40:01.860"/>
</kw>
<status status="PASS" starttime="20230217 10:40:01.860" endtime="20230217 10:40:01.860"/>
</iter>
<iter>
<var name="${counter}">17</var>
<kw name="Log To Console" library="BuiltIn">
<arg>${counter}</arg>
<doc>Logs the given message to the console.</doc>
<status status="PASS" starttime="20230217 10:40:01.860" endtime="20230217 10:40:01.860"/>
</kw>
<status status="PASS" starttime="20230217 10:40:01.860" endtime="20230217 10:40:01.860"/>
</iter>
<status status="PASS" starttime="20230217 10:40:01.860" endtime="20230217 10:40:01.860"/>
</for>
<status status="PASS" starttime="20230217 10:40:01.860" endtime="20230217 10:40:01.860"/>
</test>
<test id="s1-t4" name="boucle for4" line="26">
<for flavor="IN">
<var>${element}</var>
<value>@{ma_liste1}</value>
<iter>
<var name="${element}">1</var>
<kw name="Log To Console" library="BuiltIn">
<arg>${element}</arg>
<doc>Logs the given message to the console.</doc>
<status status="PASS" starttime="20230217 10:40:01.860" endtime="20230217 10:40:01.860"/>
</kw>
<if>
<branch type="IF" condition="${element}==2">
<break>
<status status="NOT RUN" starttime="20230217 10:40:01.860" endtime="20230217 10:40:01.860"/>
</break>
<status status="NOT RUN" starttime="20230217 10:40:01.860" endtime="20230217 10:40:01.860"/>
</branch>
<status status="PASS" starttime="20230217 10:40:01.860" endtime="20230217 10:40:01.860"/>
</if>
<status status="PASS" starttime="20230217 10:40:01.860" endtime="20230217 10:40:01.860"/>
</iter>
<iter>
<var name="${element}">2</var>
<kw name="Log To Console" library="BuiltIn">
<arg>${element}</arg>
<doc>Logs the given message to the console.</doc>
<status status="PASS" starttime="20230217 10:40:01.860" endtime="20230217 10:40:01.860"/>
</kw>
<if>
<branch type="IF" condition="${element}==2">
<break>
<status status="PASS" starttime="20230217 10:40:01.860" endtime="20230217 10:40:01.860"/>
</break>
<status status="PASS" starttime="20230217 10:40:01.860" endtime="20230217 10:40:01.870"/>
</branch>
<status status="PASS" starttime="20230217 10:40:01.860" endtime="20230217 10:40:01.870"/>
</if>
<status status="PASS" starttime="20230217 10:40:01.860" endtime="20230217 10:40:01.870"/>
</iter>
<status status="PASS" starttime="20230217 10:40:01.860" endtime="20230217 10:40:01.870"/>
</for>
<status status="PASS" starttime="20230217 10:40:01.860" endtime="20230217 10:40:01.870"/>
</test>
<test id="s1-t5" name="boucle for5" line="32">
<for flavor="IN">
<var>${element}</var>
<value>@{ma_liste2}</value>
<iter>
<var name="${element}">samedi</var>
<kw name="Log" library="BuiltIn">
<arg>${element}</arg>
<doc>Logs the given message with the given level.</doc>
<msg timestamp="20230217 10:40:01.870" level="INFO">samedi</msg>
<status status="PASS" starttime="20230217 10:40:01.870" endtime="20230217 10:40:01.870"/>
</kw>
<if>
<branch type="IF" condition="'${element}'=='samedi'">
<break>
<status status="PASS" starttime="20230217 10:40:01.870" endtime="20230217 10:40:01.870"/>
</break>
<status status="PASS" starttime="20230217 10:40:01.870" endtime="20230217 10:40:01.870"/>
</branch>
<status status="PASS" starttime="20230217 10:40:01.870" endtime="20230217 10:40:01.870"/>
</if>
<status status="PASS" starttime="20230217 10:40:01.870" endtime="20230217 10:40:01.870"/>
</iter>
<status status="PASS" starttime="20230217 10:40:01.870" endtime="20230217 10:40:01.870"/>
</for>
<status status="PASS" starttime="20230217 10:40:01.870" endtime="20230217 10:40:01.870"/>
</test>
<status status="PASS" starttime="20230217 10:40:01.810" endtime="20230217 10:40:01.877"/>
</suite>
<statistics>
<total>
<stat pass="5" fail="0" skip="0">All Tests</stat>
</total>
<tag>
</tag>
<suite>
<stat pass="5" fail="0" skip="0" id="s1" name="ForLoop">ForLoop</stat>
</suite>
</statistics>
<errors>
</errors>
</robot>
